<?xml version="1.0" encoding="UTF-8"?>
<testsuite xmlns:xsi="http://www.w3.org/2001/XMLSchema-instance" xsi:schemaLocation="https://maven.apache.org/surefire/maven-surefire-plugin/xsd/surefire-test-report.xsd" name="TestSuite" time="13.31" tests="20" errors="0" skipped="1" failures="1">
  <properties>
[...]
</properties>
  <testcase name="checkContentForGetUser" classname="org.igt.demo.apitests.GetTest" time="2.588"/>
  <testcase name="checkUserTitle" classname="org.igt.demo.apitests.GetTest" time="0.125"/>
  <testcase name="getPageCount" classname="org.igt.demo.apitests.GetTest" time="0.709"/>
  <testcase name="getPageCount" classname="org.igt.demo.apitests.GetTest" time="0.091"/>
  <testcase name="getPageCount" classname="org.igt.demo.apitests.GetTest" time="0.092"/>
  <testcase name="getPageCount" classname="org.igt.demo.apitests.GetTest" time="0.102"/>
  <testcase name="getPageCount" classname="org.igt.demo.apitests.GetTest" time="0.107"/>
  <testcase name="getUserDetails" classname="org.igt.demo.apitests.GetTest" time="0.096"/>
  <testcase name="createNewUser" classname="org.igt.demo.apitests.PostTest" time="0.63"/>
  <testcase name="verifyMissingPasswordValidation" classname="org.igt.demo.apitests.PostTest" time="0.38">
    <failure message="Password missing validation is not as per requirement." type="java.lang.AssertionError">java.lang.AssertionError: Password missing validation is not as per requirement.
	at org.igt.demo.apitests.PostTest.verifyMissingPasswordValidation(PostTest.java:110)
</failure>
    <system-out><![CDATA[Request method:	POST
Request URI:	http://localhost:9200/testexecution/teststatus
Proxy:			<none>
Request params:	<none>
Query params:	<none>
Form params:	<none>
Path params:	<none>
Headers:		Accept=*/*
				Content-Type=application/json
Cookies:		<none>
Multiparts:		<none>
Body:
{
    "TestStatus": "PASS",
    "executiontime": "2023-03-06T17:21:36.821624100",
    "TestCaseName": "Create a new login user"
}
{
    "_index": "testexecution",
    "_type": "teststatus",
    "_id": "PfsVt4YBzwKtpChJrvtH",
    "_version": 1,
    "result": "created",
    "_shards": {
        "total": 2,
        "successful": 1,
        "failed": 0
    },
    "_seq_no": 229,
    "_primary_term": 6
}
Info-->TEST STARTED : verifyMissingPasswordValidation at [2023-03-06T17:21:36-0871]
Request method:	POST
Request URI:	https://reqres.in/api/login
Proxy:			<none>
Request params:	<none>
Query params:	<none>
Form params:	<none>
Path params:	<none>
Headers:		Accept=*/*
				Content-Type=application/json
Cookies:		<none>
Multiparts:		<none>
Body:
{
    "email": "eve.holt@reqres.in",
    "password": ""
}
Info-->API response is : 400
]]></system-out>
  </testcase>
  <testcase name="newUserRegistartionWithInvalidrequest" classname="org.igt.demo.apitests.PostTest" time="0">
    <skipped message="Method PostTest.newUserRegistartionWithInvalidrequest()[pri:0, instance:org.igt.demo.apitests.PostTest@3cc1435c] depends on not successfully finished methods"/>
    <system-out><![CDATA[Request method:	POST
Request URI:	http://localhost:9200/testexecution/teststatus
Proxy:			<none>
Request params:	<none>
Query params:	<none>
Form params:	<none>
Path params:	<none>
Headers:		Accept=*/*
				Content-Type=application/json
Cookies:		<none>
Multiparts:		<none>
Body:
{
    "TestStatus": "FAIL",
    "executiontime": "2023-03-06T17:21:37.250351100",
    "TestCaseName": "Check missing password validation"
}
{
    "_index": "testexecution",
    "_type": "teststatus",
    "_id": "P_sVt4YBzwKtpChJr_v0",
    "_version": 1,
    "result": "created",
    "_shards": {
        "total": 2,
        "successful": 1,
        "failed": 0
    },
    "_seq_no": 230,
    "_primary_term": 6
}
]]></system-out>
  </testcase>
  <testcase name="newUserRegistartion" classname="org.igt.demo.apitests.PostTest" time="0.352"/>
  <testcase name="checkLastNameAfterUpdation" classname="org.igt.demo.apitests.UpdateTest" time="0.611"/>
  <testcase name="updateRequest" classname="org.igt.demo.apitests.UpdateTest" time="0.491"/>
  <testcase name="updateRequestToValidateUserDetails" classname="org.igt.demo.apitests.UpdateTest" time="0.355"/>
  <testcase name="validateFirstNameAfterUpdate" classname="org.igt.demo.apitests.UpdateTest" time="0.338"/>
  <testcase name="verifyResponseBody" classname="org.igt.demo.apitests.UpdateTest" time="0.344"/>
  <testcase name="deleteAndCheckStatus" classname="org.igt.demo.apitests.DeleteTest" time="0.365"/>
  <testcase name="deleteNullStatusCheck" classname="org.igt.demo.apitests.DeleteTest" time="0.369"/>
  <testcase name="deleteUserDetails" classname="org.igt.demo.apitests.DeleteTest" time="0.492"/>
</testsuite>