-------------------------------------------------------------------------------
Test set: TestSuite
-------------------------------------------------------------------------------
Tests run: 20, Failures: 1, Errors: 0, Skipped: 1, Time elapsed: 13.31 sec <<< FAILURE! - in TestSuite
verifyMissingPasswordValidation(org.igt.demo.apitests.PostTest)  Time elapsed: 0.38 sec  <<< FAILURE!
java.lang.AssertionError: Password missing validation is not as per requirement.
	at org.igt.demo.apitests.PostTest.verifyMissingPasswordValidation(PostTest.java:110)

