<?xml version="1.0" encoding="UTF-8"?>
<!-- Generated by org.testng.reporters.JUnitReportReporter -->
<testsuite hostname="DU1LSITA112PPH" failures="0" tests="1" name="org.igt.demo.runner.APIRunner" time="0.426" errors="1" timestamp="2023-03-01T14:09:46 GST" skipped="0">
  <testcase classname="org.igt.demo.runner.APIRunner" name="runScenario" time="0.426">
    <error message="Cannot invoke &quot;com.aventstack.extentreports.ExtentTest.info(com.aventstack.extentreports.markuputils.Markup)&quot; because the return value of &quot;org.igt.demo.reports.ExtentManager.getExtenttest()&quot; is null" type="java.lang.NullPointerException">
      <![CDATA[java.lang.NullPointerException: Cannot invoke "com.aventstack.extentreports.ExtentTest.info(com.aventstack.extentreports.markuputils.Markup)" because the return value of "org.igt.demo.reports.ExtentManager.getExtenttest()" is null
at org.igt.demo.reports.ExtentLogger.info(ExtentLogger.java:54)
at org.igt.demo.reports.ExtentLogger.logResponse(ExtentLogger.java:98)
at org.igt.demo.apitests.GetTest.checkUserTitle(GetTest.java:64)
at org.igt.demo.stepDefinitions.carnivalStepDefinitions.api_endpoint(carnivalStepDefinitions.java:17)
at ✽.API endpoint(file:///D:/eclipseworkspace/eclipse-workspace/Selenium%20+%20RestAssured%20-%20Framework/Selenium-RestAssured%20Framework/src/test/resources/Feature/ListUsers.feature:4)
]]>
    </error>
  </testcase> <!-- runScenario -->
  <system-out/>
</testsuite> <!-- org.igt.demo.runner.APIRunner -->
